Determining if the pthread_create exist failed with the following output:
Change Dir: /home/shivamrastogi/catkin_workspace/build/CMakeFiles/CMakeTmp

Run Build Command:"/usr/bin/make" "cmTC_17557/fast"
/usr/bin/make -f CMakeFiles/cmTC_17557.dir/build.make CMakeFiles/cmTC_17557.dir/build
make[1]: Entering directory '/home/shivamrastogi/catkin_workspace/build/CMakeFiles/CMakeTmp'
Building C object CMakeFiles/cmTC_17557.dir/CheckSymbolExists.c.o
/usr/bin/cc    -o CMakeFiles/cmTC_17557.dir/CheckSymbolExists.c.o   -c /home/shivamrastogi/catkin_workspace/build/CMakeFiles/CMakeTmp/CheckSymbolExists.c
Linking C executable cmTC_17557
/usr/bin/cmake -E cmake_link_script CMakeFiles/cmTC_17557.dir/link.txt --verbose=1
/usr/bin/cc      -rdynamic CMakeFiles/cmTC_17557.dir/CheckSymbolExists.c.o  -o cmTC_17557 
CMakeFiles/cmTC_17557.dir/CheckSymbolExists.c.o: In function `main':
CheckSymbolExists.c:(.text+0x1b): undefined reference to `pthread_create'
collect2: error: ld returned 1 exit status
CMakeFiles/cmTC_17557.dir/build.make:97: recipe for target 'cmTC_17557' failed
make[1]: *** [cmTC_17557] Error 1
make[1]: Leaving directory '/home/shivamrastogi/catkin_workspace/build/CMakeFiles/CMakeTmp'
Makefile:126: recipe for target 'cmTC_17557/fast' failed
make: *** [cmTC_17557/fast] Error 2

File /home/shivamrastogi/catkin_workspace/build/CMakeFiles/CMakeTmp/CheckSymbolExists.c:
/* */
#include <pthread.h>

int main(int argc, char** argv)
{
  (void)argv;
#ifndef pthread_create
  return ((int*)(&pthread_create))[argc];
#else
  (void)argc;
  return 0;
#endif
}

Determining if the function pthread_create exists in the pthreads failed with the following output:
Change Dir: /home/shivamrastogi/catkin_workspace/build/CMakeFiles/CMakeTmp

Run Build Command:"/usr/bin/make" "cmTC_5b577/fast"
/usr/bin/make -f CMakeFiles/cmTC_5b577.dir/build.make CMakeFiles/cmTC_5b577.dir/build
make[1]: Entering directory '/home/shivamrastogi/catkin_workspace/build/CMakeFiles/CMakeTmp'
Building C object CMakeFiles/cmTC_5b577.dir/CheckFunctionExists.c.o
/usr/bin/cc   -DCHECK_FUNCTION_EXISTS=pthread_create   -o CMakeFiles/cmTC_5b577.dir/CheckFunctionExists.c.o   -c /usr/share/cmake-3.10/Modules/CheckFunctionExists.c
Linking C executable cmTC_5b577
/usr/bin/cmake -E cmake_link_script CMakeFiles/cmTC_5b577.dir/link.txt --verbose=1
/usr/bin/cc  -DCHECK_FUNCTION_EXISTS=pthread_create    -rdynamic CMakeFiles/cmTC_5b577.dir/CheckFunctionExists.c.o  -o cmTC_5b577 -lpthreads 
/usr/bin/ld: cannot find -lpthreads
collect2: error: ld returned 1 exit status
CMakeFiles/cmTC_5b577.dir/build.make:97: recipe for target 'cmTC_5b577' failed
make[1]: *** [cmTC_5b577] Error 1
make[1]: Leaving directory '/home/shivamrastogi/catkin_workspace/build/CMakeFiles/CMakeTmp'
Makefile:126: recipe for target 'cmTC_5b577/fast' failed
make: *** [cmTC_5b577/fast] Error 2


